[2017-02-19 01:55:47] grav.ERROR: Could not process file: SplFileInfo::getMTime(): stat failed for /opt/lampp/htdocs/DicotomixWebsite/user/pages/03.download/.#default.md [] []
[2017-02-19 01:55:47] grav.ERROR: Could not process file: SplFileInfo::getMTime(): stat failed for /opt/lampp/htdocs/DicotomixWebsite/user/pages/02.team/.#default.md [] []
[2017-02-19 01:55:47] grav.ERROR: Could not process file: SplFileInfo::getMTime(): stat failed for /opt/lampp/htdocs/DicotomixWebsite/user/pages/04.contact/.#default.md [] []
[2017-02-19 01:55:47] grav.ERROR: Could not process file: SplFileInfo::getMTime(): stat failed for /opt/lampp/htdocs/DicotomixWebsite/user/pages/01.home/.#default.md [] []
[2017-02-19 01:56:30] grav.ERROR: Could not process file: SplFileInfo::getMTime(): stat failed for /opt/lampp/htdocs/DicotomixWebsite/user/pages/03.download/.#default.md [] []
[2017-02-19 01:56:30] grav.ERROR: Could not process file: SplFileInfo::getMTime(): stat failed for /opt/lampp/htdocs/DicotomixWebsite/user/pages/02.team/.#default.md [] []
[2017-02-19 01:56:30] grav.ERROR: Could not process file: SplFileInfo::getMTime(): stat failed for /opt/lampp/htdocs/DicotomixWebsite/user/pages/04.contact/.#default.md [] []
[2017-02-19 01:56:30] grav.ERROR: Could not process file: SplFileInfo::getMTime(): stat failed for /opt/lampp/htdocs/DicotomixWebsite/user/pages/01.home/.#default.md [] []
[2017-02-19 01:58:03] grav.ERROR: Could not process file: SplFileInfo::getMTime(): stat failed for /opt/lampp/htdocs/DicotomixWebsite/user/pages/03.download/.#default.md [] []
[2017-02-19 01:58:03] grav.ERROR: Could not process file: SplFileInfo::getMTime(): stat failed for /opt/lampp/htdocs/DicotomixWebsite/user/pages/02.team/.#default.md [] []
[2017-02-19 01:58:03] grav.ERROR: Could not process file: SplFileInfo::getMTime(): stat failed for /opt/lampp/htdocs/DicotomixWebsite/user/pages/04.contact/.#default.md [] []
[2017-02-19 01:58:03] grav.ERROR: Could not process file: SplFileInfo::getMTime(): stat failed for /opt/lampp/htdocs/DicotomixWebsite/user/pages/01.home/.#default.md [] []
[2017-02-19 01:58:06] grav.ERROR: Could not process file: SplFileInfo::getMTime(): stat failed for /opt/lampp/htdocs/DicotomixWebsite/user/pages/03.download/.#default.md [] []
[2017-02-19 01:58:06] grav.ERROR: Could not process file: SplFileInfo::getMTime(): stat failed for /opt/lampp/htdocs/DicotomixWebsite/user/pages/02.team/.#default.md [] []
[2017-02-19 01:58:06] grav.ERROR: Could not process file: SplFileInfo::getMTime(): stat failed for /opt/lampp/htdocs/DicotomixWebsite/user/pages/04.contact/.#default.md [] []
[2017-02-19 01:58:06] grav.ERROR: Could not process file: SplFileInfo::getMTime(): stat failed for /opt/lampp/htdocs/DicotomixWebsite/user/pages/01.home/.#default.md [] []
[2017-02-19 01:58:10] grav.ERROR: Could not process file: SplFileInfo::getMTime(): stat failed for /opt/lampp/htdocs/DicotomixWebsite/user/pages/03.download/.#default.md [] []
[2017-02-19 01:58:10] grav.ERROR: Could not process file: SplFileInfo::getMTime(): stat failed for /opt/lampp/htdocs/DicotomixWebsite/user/pages/02.team/.#default.md [] []
[2017-02-19 01:58:10] grav.ERROR: Could not process file: SplFileInfo::getMTime(): stat failed for /opt/lampp/htdocs/DicotomixWebsite/user/pages/04.contact/.#default.md [] []
[2017-02-19 01:58:46] grav.ERROR: Could not process file: SplFileInfo::getMTime(): stat failed for /opt/lampp/htdocs/DicotomixWebsite/user/pages/03.download/.#default.md [] []
[2017-02-19 01:58:46] grav.ERROR: Could not process file: SplFileInfo::getMTime(): stat failed for /opt/lampp/htdocs/DicotomixWebsite/user/pages/02.team/.#default.md [] []
[2017-02-19 01:58:46] grav.ERROR: Could not process file: SplFileInfo::getMTime(): stat failed for /opt/lampp/htdocs/DicotomixWebsite/user/pages/04.contact/.#default.md [] []
[2017-02-19 01:58:46] grav.ERROR: Could not process file: SplFileInfo::getMTime(): stat failed for /opt/lampp/htdocs/DicotomixWebsite/user/pages/01.home/.#default.md [] []
[2017-02-19 01:58:50] grav.ERROR: Could not process file: SplFileInfo::getMTime(): stat failed for /opt/lampp/htdocs/DicotomixWebsite/user/pages/03.download/.#default.md [] []
[2017-02-19 01:58:50] grav.ERROR: Could not process file: SplFileInfo::getMTime(): stat failed for /opt/lampp/htdocs/DicotomixWebsite/user/pages/02.team/.#default.md [] []
[2017-02-19 01:58:50] grav.ERROR: Could not process file: SplFileInfo::getMTime(): stat failed for /opt/lampp/htdocs/DicotomixWebsite/user/pages/04.contact/.#default.md [] []
[2017-02-19 01:59:04] grav.ERROR: Could not process file: SplFileInfo::getMTime(): stat failed for /opt/lampp/htdocs/DicotomixWebsite/user/pages/03.download/.#default.md [] []
[2017-02-19 01:59:04] grav.ERROR: Could not process file: SplFileInfo::getMTime(): stat failed for /opt/lampp/htdocs/DicotomixWebsite/user/pages/02.team/.#default.md [] []
[2017-02-19 01:59:04] grav.ERROR: Could not process file: SplFileInfo::getMTime(): stat failed for /opt/lampp/htdocs/DicotomixWebsite/user/pages/04.contact/.#default.md [] []
[2017-02-19 01:59:13] grav.ERROR: Could not process file: SplFileInfo::getMTime(): stat failed for /opt/lampp/htdocs/DicotomixWebsite/user/pages/03.download/.#default.md [] []
[2017-02-19 01:59:13] grav.ERROR: Could not process file: SplFileInfo::getMTime(): stat failed for /opt/lampp/htdocs/DicotomixWebsite/user/pages/02.team/.#default.md [] []
[2017-02-19 01:59:13] grav.ERROR: Could not process file: SplFileInfo::getMTime(): stat failed for /opt/lampp/htdocs/DicotomixWebsite/user/pages/04.contact/.#default.md [] []
[2017-02-19 01:59:38] grav.ERROR: Could not process file: SplFileInfo::getMTime(): stat failed for /opt/lampp/htdocs/DicotomixWebsite/user/pages/03.download/.#default.md [] []
[2017-02-19 01:59:38] grav.ERROR: Could not process file: SplFileInfo::getMTime(): stat failed for /opt/lampp/htdocs/DicotomixWebsite/user/pages/02.team/.#default.md [] []
[2017-02-19 01:59:38] grav.ERROR: Could not process file: SplFileInfo::getMTime(): stat failed for /opt/lampp/htdocs/DicotomixWebsite/user/pages/04.contact/.#default.md [] []
[2017-02-19 02:11:07] grav.ERROR: Could not process file: SplFileInfo::getMTime(): stat failed for /opt/lampp/htdocs/DicotomixWebsite/user/pages/03.download/.#default.md [] []
[2017-02-19 02:11:07] grav.ERROR: Could not process file: SplFileInfo::getMTime(): stat failed for /opt/lampp/htdocs/DicotomixWebsite/user/pages/02.team/.#default.md [] []
[2017-02-19 02:11:07] grav.ERROR: Could not process file: SplFileInfo::getMTime(): stat failed for /opt/lampp/htdocs/DicotomixWebsite/user/pages/04.contact/.#default.md [] []
[2017-02-19 02:11:07] grav.ERROR: Could not process file: SplFileInfo::getMTime(): stat failed for /opt/lampp/htdocs/DicotomixWebsite/user/pages/01.home/.#default.md [] []
[2017-02-19 02:26:52] grav.ERROR: Could not process file: SplFileInfo::getMTime(): stat failed for /opt/lampp/htdocs/DicotomixWebsite/user/pages/03.download/.#default.md [] []
[2017-02-19 02:26:52] grav.ERROR: Could not process file: SplFileInfo::getMTime(): stat failed for /opt/lampp/htdocs/DicotomixWebsite/user/pages/02.team/.#default.md [] []
[2017-02-19 02:26:52] grav.ERROR: Could not process file: SplFileInfo::getMTime(): stat failed for /opt/lampp/htdocs/DicotomixWebsite/user/pages/04.contact/.#default.md [] []
[2017-02-19 02:26:52] grav.ERROR: Could not process file: SplFileInfo::getMTime(): stat failed for /opt/lampp/htdocs/DicotomixWebsite/user/pages/01.home/.#default.md [] []
[2017-02-19 02:26:54] grav.ERROR: Could not process file: SplFileInfo::getMTime(): stat failed for /opt/lampp/htdocs/DicotomixWebsite/user/pages/03.download/.#default.md [] []
[2017-02-19 02:26:54] grav.ERROR: Could not process file: SplFileInfo::getMTime(): stat failed for /opt/lampp/htdocs/DicotomixWebsite/user/pages/02.team/.#default.md [] []
[2017-02-19 02:26:54] grav.ERROR: Could not process file: SplFileInfo::getMTime(): stat failed for /opt/lampp/htdocs/DicotomixWebsite/user/pages/04.contact/.#default.md [] []
[2017-02-19 02:26:54] grav.ERROR: Could not process file: SplFileInfo::getMTime(): stat failed for /opt/lampp/htdocs/DicotomixWebsite/user/pages/01.home/.#default.md [] []
[2017-02-19 02:26:54] grav.ERROR: Could not process file: SplFileInfo::getMTime(): stat failed for /opt/lampp/htdocs/DicotomixWebsite/user/pages/03.download/.#default.md [] []
[2017-02-19 02:26:54] grav.ERROR: Could not process file: SplFileInfo::getMTime(): stat failed for /opt/lampp/htdocs/DicotomixWebsite/user/pages/02.team/.#default.md [] []
[2017-02-19 02:26:54] grav.ERROR: Could not process file: SplFileInfo::getMTime(): stat failed for /opt/lampp/htdocs/DicotomixWebsite/user/pages/04.contact/.#default.md [] []
[2017-02-19 02:26:54] grav.ERROR: Could not process file: SplFileInfo::getMTime(): stat failed for /opt/lampp/htdocs/DicotomixWebsite/user/pages/01.home/.#default.md [] []
[2017-02-19 02:26:55] grav.ERROR: Could not process file: SplFileInfo::getMTime(): stat failed for /opt/lampp/htdocs/DicotomixWebsite/user/pages/03.download/.#default.md [] []
[2017-02-19 02:26:55] grav.ERROR: Could not process file: SplFileInfo::getMTime(): stat failed for /opt/lampp/htdocs/DicotomixWebsite/user/pages/02.team/.#default.md [] []
[2017-02-19 02:26:55] grav.ERROR: Could not process file: SplFileInfo::getMTime(): stat failed for /opt/lampp/htdocs/DicotomixWebsite/user/pages/04.contact/.#default.md [] []
[2017-02-19 02:26:55] grav.ERROR: Could not process file: SplFileInfo::getMTime(): stat failed for /opt/lampp/htdocs/DicotomixWebsite/user/pages/01.home/.#default.md [] []
[2017-02-19 02:26:57] grav.ERROR: Could not process file: SplFileInfo::getMTime(): stat failed for /opt/lampp/htdocs/DicotomixWebsite/user/pages/03.download/.#default.md [] []
[2017-02-19 02:26:57] grav.ERROR: Could not process file: SplFileInfo::getMTime(): stat failed for /opt/lampp/htdocs/DicotomixWebsite/user/pages/02.team/.#default.md [] []
[2017-02-19 02:26:57] grav.ERROR: Could not process file: SplFileInfo::getMTime(): stat failed for /opt/lampp/htdocs/DicotomixWebsite/user/pages/04.contact/.#default.md [] []
[2017-02-19 02:26:57] grav.ERROR: Could not process file: SplFileInfo::getMTime(): stat failed for /opt/lampp/htdocs/DicotomixWebsite/user/pages/01.home/.#default.md [] []
[2017-02-19 02:26:58] grav.ERROR: Could not process file: SplFileInfo::getMTime(): stat failed for /opt/lampp/htdocs/DicotomixWebsite/user/pages/03.download/.#default.md [] []
[2017-02-19 02:26:58] grav.ERROR: Could not process file: SplFileInfo::getMTime(): stat failed for /opt/lampp/htdocs/DicotomixWebsite/user/pages/02.team/.#default.md [] []
[2017-02-19 02:26:58] grav.ERROR: Could not process file: SplFileInfo::getMTime(): stat failed for /opt/lampp/htdocs/DicotomixWebsite/user/pages/04.contact/.#default.md [] []
[2017-02-19 02:26:58] grav.ERROR: Could not process file: SplFileInfo::getMTime(): stat failed for /opt/lampp/htdocs/DicotomixWebsite/user/pages/01.home/.#default.md [] []
[2017-02-19 02:26:58] grav.ERROR: Could not process file: SplFileInfo::getMTime(): stat failed for /opt/lampp/htdocs/DicotomixWebsite/user/pages/03.download/.#default.md [] []
[2017-02-19 02:26:58] grav.ERROR: Could not process file: SplFileInfo::getMTime(): stat failed for /opt/lampp/htdocs/DicotomixWebsite/user/pages/02.team/.#default.md [] []
[2017-02-19 02:26:58] grav.ERROR: Could not process file: SplFileInfo::getMTime(): stat failed for /opt/lampp/htdocs/DicotomixWebsite/user/pages/04.contact/.#default.md [] []
[2017-02-19 02:26:58] grav.ERROR: Could not process file: SplFileInfo::getMTime(): stat failed for /opt/lampp/htdocs/DicotomixWebsite/user/pages/01.home/.#default.md [] []
[2017-02-19 02:26:58] grav.ERROR: Could not process file: SplFileInfo::getMTime(): stat failed for /opt/lampp/htdocs/DicotomixWebsite/user/pages/03.download/.#default.md [] []
[2017-02-19 02:26:58] grav.ERROR: Could not process file: SplFileInfo::getMTime(): stat failed for /opt/lampp/htdocs/DicotomixWebsite/user/pages/02.team/.#default.md [] []
[2017-02-19 02:26:58] grav.ERROR: Could not process file: SplFileInfo::getMTime(): stat failed for /opt/lampp/htdocs/DicotomixWebsite/user/pages/04.contact/.#default.md [] []
[2017-02-19 02:26:58] grav.ERROR: Could not process file: SplFileInfo::getMTime(): stat failed for /opt/lampp/htdocs/DicotomixWebsite/user/pages/01.home/.#default.md [] []
[2017-02-19 02:26:59] grav.ERROR: Could not process file: SplFileInfo::getMTime(): stat failed for /opt/lampp/htdocs/DicotomixWebsite/user/pages/03.download/.#default.md [] []
[2017-02-19 02:26:59] grav.ERROR: Could not process file: SplFileInfo::getMTime(): stat failed for /opt/lampp/htdocs/DicotomixWebsite/user/pages/02.team/.#default.md [] []
[2017-02-19 02:26:59] grav.ERROR: Could not process file: SplFileInfo::getMTime(): stat failed for /opt/lampp/htdocs/DicotomixWebsite/user/pages/04.contact/.#default.md [] []
[2017-02-19 02:26:59] grav.ERROR: Could not process file: SplFileInfo::getMTime(): stat failed for /opt/lampp/htdocs/DicotomixWebsite/user/pages/01.home/.#default.md [] []
[2017-02-19 02:27:16] grav.ERROR: Could not process file: SplFileInfo::getMTime(): stat failed for /opt/lampp/htdocs/DicotomixWebsite/user/pages/03.download/.#default.md [] []
[2017-02-19 02:27:16] grav.ERROR: Could not process file: SplFileInfo::getMTime(): stat failed for /opt/lampp/htdocs/DicotomixWebsite/user/pages/02.team/.#default.md [] []
[2017-02-19 02:27:16] grav.ERROR: Could not process file: SplFileInfo::getMTime(): stat failed for /opt/lampp/htdocs/DicotomixWebsite/user/pages/04.contact/.#default.md [] []
[2017-02-19 02:27:16] grav.ERROR: Could not process file: SplFileInfo::getMTime(): stat failed for /opt/lampp/htdocs/DicotomixWebsite/user/pages/01.home/.#default.md [] []
[2017-02-19 02:27:16] grav.ERROR: Could not process file: SplFileInfo::getMTime(): stat failed for /opt/lampp/htdocs/DicotomixWebsite/user/pages/03.download/.#default.md [] []
[2017-02-19 02:27:16] grav.ERROR: Could not process file: SplFileInfo::getMTime(): stat failed for /opt/lampp/htdocs/DicotomixWebsite/user/pages/02.team/.#default.md [] []
[2017-02-19 02:27:16] grav.ERROR: Could not process file: SplFileInfo::getMTime(): stat failed for /opt/lampp/htdocs/DicotomixWebsite/user/pages/04.contact/.#default.md [] []
[2017-02-19 02:27:16] grav.ERROR: Could not process file: SplFileInfo::getMTime(): stat failed for /opt/lampp/htdocs/DicotomixWebsite/user/pages/01.home/.#default.md [] []
[2017-02-19 02:27:17] grav.ERROR: Could not process file: SplFileInfo::getMTime(): stat failed for /opt/lampp/htdocs/DicotomixWebsite/user/pages/03.download/.#default.md [] []
[2017-02-19 02:27:17] grav.ERROR: Could not process file: SplFileInfo::getMTime(): stat failed for /opt/lampp/htdocs/DicotomixWebsite/user/pages/02.team/.#default.md [] []
[2017-02-19 02:27:17] grav.ERROR: Could not process file: SplFileInfo::getMTime(): stat failed for /opt/lampp/htdocs/DicotomixWebsite/user/pages/04.contact/.#default.md [] []
[2017-02-19 02:27:17] grav.ERROR: Could not process file: SplFileInfo::getMTime(): stat failed for /opt/lampp/htdocs/DicotomixWebsite/user/pages/01.home/.#default.md [] []
[2017-02-19 02:27:17] grav.ERROR: Could not process file: SplFileInfo::getMTime(): stat failed for /opt/lampp/htdocs/DicotomixWebsite/user/pages/03.download/.#default.md [] []
[2017-02-19 02:27:17] grav.ERROR: Could not process file: SplFileInfo::getMTime(): stat failed for /opt/lampp/htdocs/DicotomixWebsite/user/pages/02.team/.#default.md [] []
[2017-02-19 02:27:17] grav.ERROR: Could not process file: SplFileInfo::getMTime(): stat failed for /opt/lampp/htdocs/DicotomixWebsite/user/pages/04.contact/.#default.md [] []
[2017-02-19 02:27:17] grav.ERROR: Could not process file: SplFileInfo::getMTime(): stat failed for /opt/lampp/htdocs/DicotomixWebsite/user/pages/01.home/.#default.md [] []
[2017-02-19 02:27:18] grav.ERROR: Could not process file: SplFileInfo::getMTime(): stat failed for /opt/lampp/htdocs/DicotomixWebsite/user/pages/03.download/.#default.md [] []
[2017-02-19 02:27:18] grav.ERROR: Could not process file: SplFileInfo::getMTime(): stat failed for /opt/lampp/htdocs/DicotomixWebsite/user/pages/02.team/.#default.md [] []
[2017-02-19 02:27:18] grav.ERROR: Could not process file: SplFileInfo::getMTime(): stat failed for /opt/lampp/htdocs/DicotomixWebsite/user/pages/04.contact/.#default.md [] []
[2017-02-19 02:27:18] grav.ERROR: Could not process file: SplFileInfo::getMTime(): stat failed for /opt/lampp/htdocs/DicotomixWebsite/user/pages/01.home/.#default.md [] []
[2017-02-19 02:27:20] grav.ERROR: Could not process file: SplFileInfo::getMTime(): stat failed for /opt/lampp/htdocs/DicotomixWebsite/user/pages/03.download/.#default.md [] []
[2017-02-19 02:27:20] grav.ERROR: Could not process file: SplFileInfo::getMTime(): stat failed for /opt/lampp/htdocs/DicotomixWebsite/user/pages/02.team/.#default.md [] []
[2017-02-19 02:27:20] grav.ERROR: Could not process file: SplFileInfo::getMTime(): stat failed for /opt/lampp/htdocs/DicotomixWebsite/user/pages/04.contact/.#default.md [] []
[2017-02-19 02:27:20] grav.ERROR: Could not process file: SplFileInfo::getMTime(): stat failed for /opt/lampp/htdocs/DicotomixWebsite/user/pages/01.home/.#default.md [] []
[2017-02-19 02:27:53] grav.ERROR: Could not process file: SplFileInfo::getMTime(): stat failed for /opt/lampp/htdocs/DicotomixWebsite/user/pages/03.download/.#default.md [] []
[2017-02-19 02:27:53] grav.ERROR: Could not process file: SplFileInfo::getMTime(): stat failed for /opt/lampp/htdocs/DicotomixWebsite/user/pages/02.team/.#default.md [] []
[2017-02-19 02:27:53] grav.ERROR: Could not process file: SplFileInfo::getMTime(): stat failed for /opt/lampp/htdocs/DicotomixWebsite/user/pages/04.contact/.#default.md [] []
[2017-02-19 02:27:53] grav.ERROR: Could not process file: SplFileInfo::getMTime(): stat failed for /opt/lampp/htdocs/DicotomixWebsite/user/pages/01.home/.#default.md [] []
[2017-02-19 02:27:53] grav.ERROR: Could not process file: SplFileInfo::getMTime(): stat failed for /opt/lampp/htdocs/DicotomixWebsite/user/pages/03.download/.#default.md [] []
[2017-02-19 02:27:53] grav.ERROR: Could not process file: SplFileInfo::getMTime(): stat failed for /opt/lampp/htdocs/DicotomixWebsite/user/pages/02.team/.#default.md [] []
[2017-02-19 02:27:53] grav.ERROR: Could not process file: SplFileInfo::getMTime(): stat failed for /opt/lampp/htdocs/DicotomixWebsite/user/pages/04.contact/.#default.md [] []
[2017-02-19 02:27:53] grav.ERROR: Could not process file: SplFileInfo::getMTime(): stat failed for /opt/lampp/htdocs/DicotomixWebsite/user/pages/01.home/.#default.md [] []
[2017-02-19 02:27:54] grav.ERROR: Could not process file: SplFileInfo::getMTime(): stat failed for /opt/lampp/htdocs/DicotomixWebsite/user/pages/03.download/.#default.md [] []
[2017-02-19 02:27:54] grav.ERROR: Could not process file: SplFileInfo::getMTime(): stat failed for /opt/lampp/htdocs/DicotomixWebsite/user/pages/02.team/.#default.md [] []
[2017-02-19 02:27:54] grav.ERROR: Could not process file: SplFileInfo::getMTime(): stat failed for /opt/lampp/htdocs/DicotomixWebsite/user/pages/04.contact/.#default.md [] []
[2017-02-19 02:27:54] grav.ERROR: Could not process file: SplFileInfo::getMTime(): stat failed for /opt/lampp/htdocs/DicotomixWebsite/user/pages/01.home/.#default.md [] []
[2017-02-19 02:27:54] grav.ERROR: Could not process file: SplFileInfo::getMTime(): stat failed for /opt/lampp/htdocs/DicotomixWebsite/user/pages/03.download/.#default.md [] []
[2017-02-19 02:27:54] grav.ERROR: Could not process file: SplFileInfo::getMTime(): stat failed for /opt/lampp/htdocs/DicotomixWebsite/user/pages/02.team/.#default.md [] []
[2017-02-19 02:27:54] grav.ERROR: Could not process file: SplFileInfo::getMTime(): stat failed for /opt/lampp/htdocs/DicotomixWebsite/user/pages/04.contact/.#default.md [] []
[2017-02-19 02:27:54] grav.ERROR: Could not process file: SplFileInfo::getMTime(): stat failed for /opt/lampp/htdocs/DicotomixWebsite/user/pages/01.home/.#default.md [] []
[2017-02-19 02:27:54] grav.ERROR: Could not process file: SplFileInfo::getMTime(): stat failed for /opt/lampp/htdocs/DicotomixWebsite/user/pages/03.download/.#default.md [] []
[2017-02-19 02:27:54] grav.ERROR: Could not process file: SplFileInfo::getMTime(): stat failed for /opt/lampp/htdocs/DicotomixWebsite/user/pages/02.team/.#default.md [] []
[2017-02-19 02:27:54] grav.ERROR: Could not process file: SplFileInfo::getMTime(): stat failed for /opt/lampp/htdocs/DicotomixWebsite/user/pages/04.contact/.#default.md [] []
[2017-02-19 02:27:54] grav.ERROR: Could not process file: SplFileInfo::getMTime(): stat failed for /opt/lampp/htdocs/DicotomixWebsite/user/pages/01.home/.#default.md [] []
[2017-02-19 02:27:55] grav.ERROR: Could not process file: SplFileInfo::getMTime(): stat failed for /opt/lampp/htdocs/DicotomixWebsite/user/pages/03.download/.#default.md [] []
[2017-02-19 02:27:55] grav.ERROR: Could not process file: SplFileInfo::getMTime(): stat failed for /opt/lampp/htdocs/DicotomixWebsite/user/pages/02.team/.#default.md [] []
[2017-02-19 02:27:55] grav.ERROR: Could not process file: SplFileInfo::getMTime(): stat failed for /opt/lampp/htdocs/DicotomixWebsite/user/pages/04.contact/.#default.md [] []
[2017-02-19 02:27:55] grav.ERROR: Could not process file: SplFileInfo::getMTime(): stat failed for /opt/lampp/htdocs/DicotomixWebsite/user/pages/01.home/.#default.md [] []
[2017-02-19 02:55:00] grav.NOTICE: Invalid slug set in YAML frontmatter: /home/_showcase => _showcase [] []
[2017-02-19 02:55:00] grav.CRITICAL: rename(/opt/lampp/htdocs/DicotomixWebsite/user/pages/01.home/_showcase/showcase.md,/opt/lampp/htdocs/DicotomixWebsite/user/pages/01.home/_showcase/showcase.en.md): Permission non accordée - Trace: #0 [internal function]: Whoops\Run->handleError(2, 'rename(/opt/lam...', '/opt/lampp/htdo...', 2651, Array) #1 /opt/lampp/htdocs/DicotomixWebsite/system/src/Grav/Common/Page/Page.php(2651): rename('/opt/lampp/htdo...', '/opt/lampp/htdo...') #2 /opt/lampp/htdocs/DicotomixWebsite/system/src/Grav/Common/Page/Page.php(890): Grav\Common\Page\Page->doRelocation(true) #3 /opt/lampp/htdocs/DicotomixWebsite/user/plugins/admin/classes/admincontroller.php(548): Grav\Common\Page\Page->save(true) #4 [internal function]: Grav\Plugin\Admin\AdminController->taskSave() #5 /opt/lampp/htdocs/DicotomixWebsite/user/plugins/admin/classes/adminbasecontroller.php(102): call_user_func(Array) #6 /opt/lampp/htdocs/DicotomixWebsite/user/plugins/admin/admin.php(327): Grav\Plugin\Admin\AdminBaseController->execute() #7 /opt/lampp/htdocs/DicotomixWebsite/user/plugins/admin/admin.php(374): Grav\Plugin\AdminPlugin->initializeController('save', Array) #8 [internal function]: Grav\Plugin\AdminPlugin->onPagesInitialized(Object(RocketTheme\Toolbox\Event\Event), 'onPagesInitiali...', Object(RocketTheme\Toolbox\Event\EventDispatcher)) #9 /opt/lampp/htdocs/DicotomixWebsite/vendor/symfony/event-dispatcher/EventDispatcher.php(184): call_user_func(Array, Object(RocketTheme\Toolbox\Event\Event), 'onPagesInitiali...', Object(RocketTheme\Toolbox\Event\EventDispatcher)) #10 /opt/lampp/htdocs/DicotomixWebsite/vendor/symfony/event-dispatcher/EventDispatcher.php(46): Symfony\Component\EventDispatcher\EventDispatcher->doDispatch(Array, 'onPagesInitiali...', Object(RocketTheme\Toolbox\Event\Event)) #11 /opt/lampp/htdocs/DicotomixWebsite/vendor/rockettheme/toolbox/Event/src/EventDispatcher.php(23): Symfony\Component\EventDispatcher\EventDispatcher->dispatch('onPagesInitiali...', Object(RocketTheme\Toolbox\Event\Event)) #12 /opt/lampp/htdocs/DicotomixWebsite/system/src/Grav/Common/Grav.php(277): RocketTheme\Toolbox\Event\EventDispatcher->dispatch('onPagesInitiali...', NULL) #13 /opt/lampp/htdocs/DicotomixWebsite/system/src/Grav/Common/Processors/PagesProcessor.php(24): Grav\Common\Grav->fireEvent('onPagesInitiali...') #14 /opt/lampp/htdocs/DicotomixWebsite/system/src/Grav/Common/Grav.php(126): Grav\Common\Processors\PagesProcessor->process() #15 /opt/lampp/htdocs/DicotomixWebsite/system/src/Grav/Common/Grav.php(368): Grav\Common\Grav->Grav\Common\{closure}() #16 [internal function]: Grav\Common\Grav::Grav\Common\{closure}('pages', 'Pages', Object(Closure)) #17 /opt/lampp/htdocs/DicotomixWebsite/system/src/Grav/Common/Grav.php(344): call_user_func_array(Object(Closure), Array) #18 /opt/lampp/htdocs/DicotomixWebsite/system/src/Grav/Common/Grav.php(127): Grav\Common\Grav->__call('measureTime', Array) #19 /opt/lampp/htdocs/DicotomixWebsite/system/src/Grav/Common/Grav.php(127): Grav\Common\Grav->measureTime('pages', 'Pages', Object(Closure)) #20 /opt/lampp/htdocs/DicotomixWebsite/index.php(52): Grav\Common\Grav->process() #21 {main} [] []
[2017-02-19 02:55:08] grav.NOTICE: Invalid slug set in YAML frontmatter: /home/_showcase => _showcase [] []
[2017-02-19 02:55:08] grav.CRITICAL: rename(/opt/lampp/htdocs/DicotomixWebsite/user/pages/01.home/_showcase/showcase.md,/opt/lampp/htdocs/DicotomixWebsite/user/pages/01.home/_showcase/showcase.en.md): Permission non accordée - Trace: #0 [internal function]: Whoops\Run->handleError(2, 'rename(/opt/lam...', '/opt/lampp/htdo...', 2651, Array) #1 /opt/lampp/htdocs/DicotomixWebsite/system/src/Grav/Common/Page/Page.php(2651): rename('/opt/lampp/htdo...', '/opt/lampp/htdo...') #2 /opt/lampp/htdocs/DicotomixWebsite/system/src/Grav/Common/Page/Page.php(890): Grav\Common\Page\Page->doRelocation(true) #3 /opt/lampp/htdocs/DicotomixWebsite/user/plugins/admin/classes/admincontroller.php(548): Grav\Common\Page\Page->save(true) #4 [internal function]: Grav\Plugin\Admin\AdminController->taskSave() #5 /opt/lampp/htdocs/DicotomixWebsite/user/plugins/admin/classes/adminbasecontroller.php(102): call_user_func(Array) #6 /opt/lampp/htdocs/DicotomixWebsite/user/plugins/admin/admin.php(327): Grav\Plugin\Admin\AdminBaseController->execute() #7 /opt/lampp/htdocs/DicotomixWebsite/user/plugins/admin/admin.php(374): Grav\Plugin\AdminPlugin->initializeController('save', Array) #8 [internal function]: Grav\Plugin\AdminPlugin->onPagesInitialized(Object(RocketTheme\Toolbox\Event\Event), 'onPagesInitiali...', Object(RocketTheme\Toolbox\Event\EventDispatcher)) #9 /opt/lampp/htdocs/DicotomixWebsite/vendor/symfony/event-dispatcher/EventDispatcher.php(184): call_user_func(Array, Object(RocketTheme\Toolbox\Event\Event), 'onPagesInitiali...', Object(RocketTheme\Toolbox\Event\EventDispatcher)) #10 /opt/lampp/htdocs/DicotomixWebsite/vendor/symfony/event-dispatcher/EventDispatcher.php(46): Symfony\Component\EventDispatcher\EventDispatcher->doDispatch(Array, 'onPagesInitiali...', Object(RocketTheme\Toolbox\Event\Event)) #11 /opt/lampp/htdocs/DicotomixWebsite/vendor/rockettheme/toolbox/Event/src/EventDispatcher.php(23): Symfony\Component\EventDispatcher\EventDispatcher->dispatch('onPagesInitiali...', Object(RocketTheme\Toolbox\Event\Event)) #12 /opt/lampp/htdocs/DicotomixWebsite/system/src/Grav/Common/Grav.php(277): RocketTheme\Toolbox\Event\EventDispatcher->dispatch('onPagesInitiali...', NULL) #13 /opt/lampp/htdocs/DicotomixWebsite/system/src/Grav/Common/Processors/PagesProcessor.php(24): Grav\Common\Grav->fireEvent('onPagesInitiali...') #14 /opt/lampp/htdocs/DicotomixWebsite/system/src/Grav/Common/Grav.php(126): Grav\Common\Processors\PagesProcessor->process() #15 /opt/lampp/htdocs/DicotomixWebsite/system/src/Grav/Common/Grav.php(368): Grav\Common\Grav->Grav\Common\{closure}() #16 [internal function]: Grav\Common\Grav::Grav\Common\{closure}('pages', 'Pages', Object(Closure)) #17 /opt/lampp/htdocs/DicotomixWebsite/system/src/Grav/Common/Grav.php(344): call_user_func_array(Object(Closure), Array) #18 /opt/lampp/htdocs/DicotomixWebsite/system/src/Grav/Common/Grav.php(127): Grav\Common\Grav->__call('measureTime', Array) #19 /opt/lampp/htdocs/DicotomixWebsite/system/src/Grav/Common/Grav.php(127): Grav\Common\Grav->measureTime('pages', 'Pages', Object(Closure)) #20 /opt/lampp/htdocs/DicotomixWebsite/index.php(52): Grav\Common\Grav->process() #21 {main} [] []
[2017-02-19 02:55:15] grav.NOTICE: Invalid slug set in YAML frontmatter: /home/_showcase => _showcase [] []
[2017-02-19 02:55:15] grav.CRITICAL: rename(/opt/lampp/htdocs/DicotomixWebsite/user/pages/01.home/_showcase/showcase.md,/opt/lampp/htdocs/DicotomixWebsite/user/pages/01.home/_showcase/showcase.en.md): Permission non accordée - Trace: #0 [internal function]: Whoops\Run->handleError(2, 'rename(/opt/lam...', '/opt/lampp/htdo...', 2651, Array) #1 /opt/lampp/htdocs/DicotomixWebsite/system/src/Grav/Common/Page/Page.php(2651): rename('/opt/lampp/htdo...', '/opt/lampp/htdo...') #2 /opt/lampp/htdocs/DicotomixWebsite/system/src/Grav/Common/Page/Page.php(890): Grav\Common\Page\Page->doRelocation(true) #3 /opt/lampp/htdocs/DicotomixWebsite/user/plugins/admin/classes/admincontroller.php(548): Grav\Common\Page\Page->save(true) #4 [internal function]: Grav\Plugin\Admin\AdminController->taskSave() #5 /opt/lampp/htdocs/DicotomixWebsite/user/plugins/admin/classes/adminbasecontroller.php(102): call_user_func(Array) #6 /opt/lampp/htdocs/DicotomixWebsite/user/plugins/admin/admin.php(327): Grav\Plugin\Admin\AdminBaseController->execute() #7 /opt/lampp/htdocs/DicotomixWebsite/user/plugins/admin/admin.php(374): Grav\Plugin\AdminPlugin->initializeController('save', Array) #8 [internal function]: Grav\Plugin\AdminPlugin->onPagesInitialized(Object(RocketTheme\Toolbox\Event\Event), 'onPagesInitiali...', Object(RocketTheme\Toolbox\Event\EventDispatcher)) #9 /opt/lampp/htdocs/DicotomixWebsite/vendor/symfony/event-dispatcher/EventDispatcher.php(184): call_user_func(Array, Object(RocketTheme\Toolbox\Event\Event), 'onPagesInitiali...', Object(RocketTheme\Toolbox\Event\EventDispatcher)) #10 /opt/lampp/htdocs/DicotomixWebsite/vendor/symfony/event-dispatcher/EventDispatcher.php(46): Symfony\Component\EventDispatcher\EventDispatcher->doDispatch(Array, 'onPagesInitiali...', Object(RocketTheme\Toolbox\Event\Event)) #11 /opt/lampp/htdocs/DicotomixWebsite/vendor/rockettheme/toolbox/Event/src/EventDispatcher.php(23): Symfony\Component\EventDispatcher\EventDispatcher->dispatch('onPagesInitiali...', Object(RocketTheme\Toolbox\Event\Event)) #12 /opt/lampp/htdocs/DicotomixWebsite/system/src/Grav/Common/Grav.php(277): RocketTheme\Toolbox\Event\EventDispatcher->dispatch('onPagesInitiali...', NULL) #13 /opt/lampp/htdocs/DicotomixWebsite/system/src/Grav/Common/Processors/PagesProcessor.php(24): Grav\Common\Grav->fireEvent('onPagesInitiali...') #14 /opt/lampp/htdocs/DicotomixWebsite/system/src/Grav/Common/Grav.php(126): Grav\Common\Processors\PagesProcessor->process() #15 /opt/lampp/htdocs/DicotomixWebsite/system/src/Grav/Common/Grav.php(368): Grav\Common\Grav->Grav\Common\{closure}() #16 [internal function]: Grav\Common\Grav::Grav\Common\{closure}('pages', 'Pages', Object(Closure)) #17 /opt/lampp/htdocs/DicotomixWebsite/system/src/Grav/Common/Grav.php(344): call_user_func_array(Object(Closure), Array) #18 /opt/lampp/htdocs/DicotomixWebsite/system/src/Grav/Common/Grav.php(127): Grav\Common\Grav->__call('measureTime', Array) #19 /opt/lampp/htdocs/DicotomixWebsite/system/src/Grav/Common/Grav.php(127): Grav\Common\Grav->measureTime('pages', 'Pages', Object(Closure)) #20 /opt/lampp/htdocs/DicotomixWebsite/index.php(52): Grav\Common\Grav->process() #21 {main} [] []
[2017-02-19 02:55:39] grav.NOTICE: Invalid slug set in YAML frontmatter: /home/_showcase => _showcase [] []
[2017-02-19 02:55:39] grav.CRITICAL: rename(/opt/lampp/htdocs/DicotomixWebsite/user/pages/01.home/_showcase/showcase.md,/opt/lampp/htdocs/DicotomixWebsite/user/pages/01.home/_showcase/showcase.en.md): Permission non accordée - Trace: #0 [internal function]: Whoops\Run->handleError(2, 'rename(/opt/lam...', '/opt/lampp/htdo...', 2651, Array) #1 /opt/lampp/htdocs/DicotomixWebsite/system/src/Grav/Common/Page/Page.php(2651): rename('/opt/lampp/htdo...', '/opt/lampp/htdo...') #2 /opt/lampp/htdocs/DicotomixWebsite/system/src/Grav/Common/Page/Page.php(890): Grav\Common\Page\Page->doRelocation(true) #3 /opt/lampp/htdocs/DicotomixWebsite/user/plugins/admin/classes/admincontroller.php(548): Grav\Common\Page\Page->save(true) #4 [internal function]: Grav\Plugin\Admin\AdminController->taskSave() #5 /opt/lampp/htdocs/DicotomixWebsite/user/plugins/admin/classes/adminbasecontroller.php(102): call_user_func(Array) #6 /opt/lampp/htdocs/DicotomixWebsite/user/plugins/admin/admin.php(327): Grav\Plugin\Admin\AdminBaseController->execute() #7 /opt/lampp/htdocs/DicotomixWebsite/user/plugins/admin/admin.php(374): Grav\Plugin\AdminPlugin->initializeController('save', Array) #8 [internal function]: Grav\Plugin\AdminPlugin->onPagesInitialized(Object(RocketTheme\Toolbox\Event\Event), 'onPagesInitiali...', Object(RocketTheme\Toolbox\Event\EventDispatcher)) #9 /opt/lampp/htdocs/DicotomixWebsite/vendor/symfony/event-dispatcher/EventDispatcher.php(184): call_user_func(Array, Object(RocketTheme\Toolbox\Event\Event), 'onPagesInitiali...', Object(RocketTheme\Toolbox\Event\EventDispatcher)) #10 /opt/lampp/htdocs/DicotomixWebsite/vendor/symfony/event-dispatcher/EventDispatcher.php(46): Symfony\Component\EventDispatcher\EventDispatcher->doDispatch(Array, 'onPagesInitiali...', Object(RocketTheme\Toolbox\Event\Event)) #11 /opt/lampp/htdocs/DicotomixWebsite/vendor/rockettheme/toolbox/Event/src/EventDispatcher.php(23): Symfony\Component\EventDispatcher\EventDispatcher->dispatch('onPagesInitiali...', Object(RocketTheme\Toolbox\Event\Event)) #12 /opt/lampp/htdocs/DicotomixWebsite/system/src/Grav/Common/Grav.php(277): RocketTheme\Toolbox\Event\EventDispatcher->dispatch('onPagesInitiali...', NULL) #13 /opt/lampp/htdocs/DicotomixWebsite/system/src/Grav/Common/Processors/PagesProcessor.php(24): Grav\Common\Grav->fireEvent('onPagesInitiali...') #14 /opt/lampp/htdocs/DicotomixWebsite/system/src/Grav/Common/Grav.php(126): Grav\Common\Processors\PagesProcessor->process() #15 /opt/lampp/htdocs/DicotomixWebsite/system/src/Grav/Common/Grav.php(368): Grav\Common\Grav->Grav\Common\{closure}() #16 [internal function]: Grav\Common\Grav::Grav\Common\{closure}('pages', 'Pages', Object(Closure)) #17 /opt/lampp/htdocs/DicotomixWebsite/system/src/Grav/Common/Grav.php(344): call_user_func_array(Object(Closure), Array) #18 /opt/lampp/htdocs/DicotomixWebsite/system/src/Grav/Common/Grav.php(127): Grav\Common\Grav->__call('measureTime', Array) #19 /opt/lampp/htdocs/DicotomixWebsite/system/src/Grav/Common/Grav.php(127): Grav\Common\Grav->measureTime('pages', 'Pages', Object(Closure)) #20 /opt/lampp/htdocs/DicotomixWebsite/index.php(52): Grav\Common\Grav->process() #21 {main} [] []
[2017-02-19 02:56:09] grav.NOTICE: Invalid slug set in YAML frontmatter: /home/_showcase => _showcase [] []
[2017-02-19 03:24:45] grav.CRITICAL: An exception has been thrown during the rendering of a template ("Division by zero"). - Trace: #0 /opt/lampp/htdocs/DicotomixWebsite/cache/twig/d0/d0a0b58e8219085b4f80c629440ce9c35a525809ba01f1e23cfa97e6d15c4fca.php(50): Twig_Template->displayBlock('header', Array, Array) #1 /opt/lampp/htdocs/DicotomixWebsite/vendor/twig/twig/lib/Twig/Template.php(432): __TwigTemplate_cc43f5ef3a1230e7564d05d3ed3a58eb85ee7cde251317024c1cf9c334e2fe24->doDisplay(Array, Array) #2 /opt/lampp/htdocs/DicotomixWebsite/vendor/twig/twig/lib/Twig/Template.php(403): Twig_Template->displayWithErrorHandling(Array, Array) #3 /opt/lampp/htdocs/DicotomixWebsite/cache/twig/61/61e9d412fef98a504e32815e4dbc713f6d768e3aa407dbbadda3f248f8ec9c4b.php(30): Twig_Template->display(Array, Array) #4 /opt/lampp/htdocs/DicotomixWebsite/vendor/twig/twig/lib/Twig/Template.php(432): __TwigTemplate_c5649615e873c56f98772b65800964be3b4fee7b6cebc8e8f22a79577a982f14->doDisplay(Array, Array) #5 /opt/lampp/htdocs/DicotomixWebsite/vendor/twig/twig/lib/Twig/Template.php(403): Twig_Template->displayWithErrorHandling(Array, Array) #6 /opt/lampp/htdocs/DicotomixWebsite/vendor/twig/twig/lib/Twig/Template.php(411): Twig_Template->display(Array) #7 /opt/lampp/htdocs/DicotomixWebsite/vendor/twig/twig/lib/Twig/Environment.php(362): Twig_Template->render(Array) #8 /opt/lampp/htdocs/DicotomixWebsite/system/src/Grav/Common/Twig/Twig.php(348): Twig_Environment->render('modular.html.tw...', Array) #9 /opt/lampp/htdocs/DicotomixWebsite/system/src/Grav/Common/Service/OutputServiceProvider.php(19): Grav\Common\Twig\Twig->processSite('html') #10 /opt/lampp/htdocs/DicotomixWebsite/vendor/pimple/pimple/src/Pimple/Container.php(113): Grav\Common\Service\OutputServiceProvider->Grav\Common\Service\{closure}(Object(Grav\Common\Grav)) #11 /opt/lampp/htdocs/DicotomixWebsite/system/src/Grav/Common/Processors/RenderProcessor.php(18): Pimple\Container->offsetGet('output') #12 /opt/lampp/htdocs/DicotomixWebsite/system/src/Grav/Common/Grav.php(126): Grav\Common\Processors\RenderProcessor->process() #13 /opt/lampp/htdocs/DicotomixWebsite/system/src/Grav/Common/Grav.php(368): Grav\Common\Grav->Grav\Common\{closure}() #14 [internal function]: Grav\Common\Grav::Grav\Common\{closure}('render', 'Render', Object(Closure)) #15 /opt/lampp/htdocs/DicotomixWebsite/system/src/Grav/Common/Grav.php(344): call_user_func_array(Object(Closure), Array) #16 /opt/lampp/htdocs/DicotomixWebsite/system/src/Grav/Common/Grav.php(127): Grav\Common\Grav->__call('measureTime', Array) #17 /opt/lampp/htdocs/DicotomixWebsite/system/src/Grav/Common/Grav.php(127): Grav\Common\Grav->measureTime('render', 'Render', Object(Closure)) #18 /opt/lampp/htdocs/DicotomixWebsite/index.php(52): Grav\Common\Grav->process() #19 {main} [] []
[2017-02-19 03:36:18] grav.ERROR: Could not process file: SplFileInfo::getMTime(): stat failed for /opt/lampp/htdocs/DicotomixWebsite/user/pages/01.home/_highlights/.#features.md [] []
[2017-02-19 03:40:41] grav.ERROR: Could not process file: SplFileInfo::getMTime(): stat failed for /opt/lampp/htdocs/DicotomixWebsite/user/pages/01.home/_highlights/.#features.md [] []
[2017-02-19 03:41:07] grav.ERROR: Could not process file: SplFileInfo::getMTime(): stat failed for /opt/lampp/htdocs/DicotomixWebsite/user/pages/01.home/_highlights/.#features.md [] []
[2017-02-19 03:41:17] grav.ERROR: Could not process file: SplFileInfo::getMTime(): stat failed for /opt/lampp/htdocs/DicotomixWebsite/user/pages/01.home/_highlights/.#features.md [] []
[2017-02-19 03:41:37] grav.ERROR: Could not process file: SplFileInfo::getMTime(): stat failed for /opt/lampp/htdocs/DicotomixWebsite/user/pages/01.home/_highlights/.#features.md [] []
[2017-02-19 03:41:37] grav.CRITICAL: An exception has been thrown during the rendering of a template ("Template "modular/team.html.twig" is not defined."). - Trace: #0 /opt/lampp/htdocs/DicotomixWebsite/cache/twig/d0/d0a0b58e8219085b4f80c629440ce9c35a525809ba01f1e23cfa97e6d15c4fca.php(263): Twig_Template->displayBlock('content', Array, Array) #1 /opt/lampp/htdocs/DicotomixWebsite/vendor/twig/twig/lib/Twig/Template.php(215): __TwigTemplate_cc43f5ef3a1230e7564d05d3ed3a58eb85ee7cde251317024c1cf9c334e2fe24->block_body(Array, Array) #2 /opt/lampp/htdocs/DicotomixWebsite/cache/twig/d0/d0a0b58e8219085b4f80c629440ce9c35a525809ba01f1e23cfa97e6d15c4fca.php(60): Twig_Template->displayBlock('body', Array, Array) #3 /opt/lampp/htdocs/DicotomixWebsite/vendor/twig/twig/lib/Twig/Template.php(432): __TwigTemplate_cc43f5ef3a1230e7564d05d3ed3a58eb85ee7cde251317024c1cf9c334e2fe24->doDisplay(Array, Array) #4 /opt/lampp/htdocs/DicotomixWebsite/vendor/twig/twig/lib/Twig/Template.php(403): Twig_Template->displayWithErrorHandling(Array, Array) #5 /opt/lampp/htdocs/DicotomixWebsite/cache/twig/61/61e9d412fef98a504e32815e4dbc713f6d768e3aa407dbbadda3f248f8ec9c4b.php(30): Twig_Template->display(Array, Array) #6 /opt/lampp/htdocs/DicotomixWebsite/vendor/twig/twig/lib/Twig/Template.php(432): __TwigTemplate_c5649615e873c56f98772b65800964be3b4fee7b6cebc8e8f22a79577a982f14->doDisplay(Array, Array) #7 /opt/lampp/htdocs/DicotomixWebsite/vendor/twig/twig/lib/Twig/Template.php(403): Twig_Template->displayWithErrorHandling(Array, Array) #8 /opt/lampp/htdocs/DicotomixWebsite/vendor/twig/twig/lib/Twig/Template.php(411): Twig_Template->display(Array) #9 /opt/lampp/htdocs/DicotomixWebsite/vendor/twig/twig/lib/Twig/Environment.php(362): Twig_Template->render(Array) #10 /opt/lampp/htdocs/DicotomixWebsite/system/src/Grav/Common/Twig/Twig.php(348): Twig_Environment->render('modular.html.tw...', Array) #11 /opt/lampp/htdocs/DicotomixWebsite/system/src/Grav/Common/Service/OutputServiceProvider.php(19): Grav\Common\Twig\Twig->processSite('html') #12 /opt/lampp/htdocs/DicotomixWebsite/vendor/pimple/pimple/src/Pimple/Container.php(113): Grav\Common\Service\OutputServiceProvider->Grav\Common\Service\{closure}(Object(Grav\Common\Grav)) #13 /opt/lampp/htdocs/DicotomixWebsite/system/src/Grav/Common/Processors/RenderProcessor.php(18): Pimple\Container->offsetGet('output') #14 /opt/lampp/htdocs/DicotomixWebsite/system/src/Grav/Common/Grav.php(126): Grav\Common\Processors\RenderProcessor->process() #15 /opt/lampp/htdocs/DicotomixWebsite/system/src/Grav/Common/Grav.php(368): Grav\Common\Grav->Grav\Common\{closure}() #16 [internal function]: Grav\Common\Grav::Grav\Common\{closure}('render', 'Render', Object(Closure)) #17 /opt/lampp/htdocs/DicotomixWebsite/system/src/Grav/Common/Grav.php(344): call_user_func_array(Object(Closure), Array) #18 /opt/lampp/htdocs/DicotomixWebsite/system/src/Grav/Common/Grav.php(127): Grav\Common\Grav->__call('measureTime', Array) #19 /opt/lampp/htdocs/DicotomixWebsite/system/src/Grav/Common/Grav.php(127): Grav\Common\Grav->measureTime('render', 'Render', Object(Closure)) #20 /opt/lampp/htdocs/DicotomixWebsite/index.php(52): Grav\Common\Grav->process() #21 {main} [] []
[2017-02-19 03:42:49] grav.ERROR: Could not process file: SplFileInfo::getMTime(): stat failed for /opt/lampp/htdocs/DicotomixWebsite/user/pages/01.home/_highlights/.#features.md [] []
[2017-02-19 03:44:11] grav.ERROR: Could not process file: SplFileInfo::getMTime(): stat failed for /opt/lampp/htdocs/DicotomixWebsite/user/pages/01.home/_highlights/.#features.md [] []
[2017-02-19 03:44:11] grav.ERROR: Could not process file: SplFileInfo::getMTime(): stat failed for /opt/lampp/htdocs/DicotomixWebsite/user/pages/01.home/_highlights/.#features.md [] []
[2017-02-19 03:54:24] grav.ERROR: Could not process file: SplFileInfo::getMTime(): stat failed for /opt/lampp/htdocs/DicotomixWebsite/user/pages/01.home/_highlights/.#features.md [] []
[2017-02-19 03:55:13] grav.ERROR: Could not process file: SplFileInfo::getMTime(): stat failed for /opt/lampp/htdocs/DicotomixWebsite/user/pages/01.home/_highlights/.#features.md [] []
[2017-02-19 03:55:55] grav.ERROR: Could not process file: SplFileInfo::getMTime(): stat failed for /opt/lampp/htdocs/DicotomixWebsite/user/pages/01.home/_highlights/.#features.md [] []
[2017-02-19 03:56:09] grav.ERROR: Could not process file: SplFileInfo::getMTime(): stat failed for /opt/lampp/htdocs/DicotomixWebsite/user/pages/01.home/_highlights/.#features.md [] []
[2017-02-19 03:57:31] grav.ERROR: Could not process file: SplFileInfo::getMTime(): stat failed for /opt/lampp/htdocs/DicotomixWebsite/user/pages/01.home/_highlights/.#features.md [] []
[2017-02-19 03:58:39] grav.ERROR: Could not process file: SplFileInfo::getMTime(): stat failed for /opt/lampp/htdocs/DicotomixWebsite/user/pages/01.home/_highlights/.#features.md [] []
[2017-02-19 03:59:13] grav.ERROR: Could not process file: SplFileInfo::getMTime(): stat failed for /opt/lampp/htdocs/DicotomixWebsite/user/pages/01.home/_highlights/.#features.md [] []
[2017-02-19 03:59:21] grav.ERROR: Could not process file: SplFileInfo::getMTime(): stat failed for /opt/lampp/htdocs/DicotomixWebsite/user/pages/01.home/_highlights/.#features.md [] []
[2017-02-19 04:00:01] grav.ERROR: Could not process file: SplFileInfo::getMTime(): stat failed for /opt/lampp/htdocs/DicotomixWebsite/user/pages/01.home/_highlights/.#features.md [] []
[2017-02-19 04:06:57] grav.CRITICAL: Unexpected token "end of print statement" of value "". - Trace: #0 /opt/lampp/htdocs/DicotomixWebsite/vendor/twig/twig/lib/Twig/ExpressionParser.php(102): Twig_ExpressionParser->parsePrimaryExpression() #1 /opt/lampp/htdocs/DicotomixWebsite/vendor/twig/twig/lib/Twig/ExpressionParser.php(55): Twig_ExpressionParser->getPrimary() #2 /opt/lampp/htdocs/DicotomixWebsite/vendor/twig/twig/lib/Twig/Parser.php(147): Twig_ExpressionParser->parseExpression() #3 /opt/lampp/htdocs/DicotomixWebsite/vendor/twig/twig/lib/Twig/TokenParser/Block.php(40): Twig_Parser->subparse(Array, true) #4 /opt/lampp/htdocs/DicotomixWebsite/vendor/twig/twig/lib/Twig/Parser.php(190): Twig_TokenParser_Block->parse(Object(Twig_Token)) #5 /opt/lampp/htdocs/DicotomixWebsite/vendor/twig/twig/lib/Twig/Parser.php(103): Twig_Parser->subparse(NULL, false) #6 /opt/lampp/htdocs/DicotomixWebsite/vendor/twig/twig/lib/Twig/Environment.php(692): Twig_Parser->parse(Object(Twig_TokenStream)) #7 /opt/lampp/htdocs/DicotomixWebsite/vendor/twig/twig/lib/Twig/Environment.php(750): Twig_Environment->parse(Object(Twig_TokenStream)) #8 /opt/lampp/htdocs/DicotomixWebsite/vendor/twig/twig/lib/Twig/Environment.php(447): Twig_Environment->compileSource(Object(Twig_Source)) #9 /opt/lampp/htdocs/DicotomixWebsite/vendor/twig/twig/lib/Twig/Template.php(366): Twig_Environment->loadTemplate('partials/base.h...', NULL) #10 /opt/lampp/htdocs/DicotomixWebsite/cache/twig/61/61e9d412fef98a504e32815e4dbc713f6d768e3aa407dbbadda3f248f8ec9c4b.php(11): Twig_Template->loadTemplate('partials/base.h...', 'modular.html.tw...', 1) #11 /opt/lampp/htdocs/DicotomixWebsite/vendor/twig/twig/lib/Twig/Environment.php(475): __TwigTemplate_c5649615e873c56f98772b65800964be3b4fee7b6cebc8e8f22a79577a982f14->__construct(Object(Grav\Common\Twig\TwigEnvironment)) #12 /opt/lampp/htdocs/DicotomixWebsite/vendor/twig/twig/lib/Twig/Environment.php(362): Twig_Environment->loadTemplate('modular.html.tw...') #13 /opt/lampp/htdocs/DicotomixWebsite/system/src/Grav/Common/Twig/Twig.php(348): Twig_Environment->render('modular.html.tw...', Array) #14 /opt/lampp/htdocs/DicotomixWebsite/system/src/Grav/Common/Service/OutputServiceProvider.php(19): Grav\Common\Twig\Twig->processSite('html') #15 /opt/lampp/htdocs/DicotomixWebsite/vendor/pimple/pimple/src/Pimple/Container.php(113): Grav\Common\Service\OutputServiceProvider->Grav\Common\Service\{closure}(Object(Grav\Common\Grav)) #16 /opt/lampp/htdocs/DicotomixWebsite/system/src/Grav/Common/Processors/RenderProcessor.php(18): Pimple\Container->offsetGet('output') #17 /opt/lampp/htdocs/DicotomixWebsite/system/src/Grav/Common/Grav.php(126): Grav\Common\Processors\RenderProcessor->process() #18 /opt/lampp/htdocs/DicotomixWebsite/system/src/Grav/Common/Grav.php(368): Grav\Common\Grav->Grav\Common\{closure}() #19 [internal function]: Grav\Common\Grav::Grav\Common\{closure}('render', 'Render', Object(Closure)) #20 /opt/lampp/htdocs/DicotomixWebsite/system/src/Grav/Common/Grav.php(344): call_user_func_array(Object(Closure), Array) #21 /opt/lampp/htdocs/DicotomixWebsite/system/src/Grav/Common/Grav.php(127): Grav\Common\Grav->__call('measureTime', Array) #22 /opt/lampp/htdocs/DicotomixWebsite/system/src/Grav/Common/Grav.php(127): Grav\Common\Grav->measureTime('render', 'Render', Object(Closure)) #23 /opt/lampp/htdocs/DicotomixWebsite/index.php(52): Grav\Common\Grav->process() #24 {main} [] []
